mode: atomic
github.com/martinshumberto/sync-manager/cli/cmd/main.go:23.13,30.16 4 0
github.com/martinshumberto/sync-manager/cli/cmd/main.go:30.16,32.3 1 0
github.com/martinshumberto/sync-manager/cli/cmd/main.go:35.2,35.29 1 0
github.com/martinshumberto/sync-manager/cli/cmd/main.go:35.29,37.3 1 0
github.com/martinshumberto/sync-manager/cli/cmd/main.go:40.2,54.48 2 0
github.com/martinshumberto/sync-manager/cli/cmd/main.go:54.48,56.4 1 0
github.com/martinshumberto/sync-manager/cli/cmd/main.go:60.2,63.48 1 0
github.com/martinshumberto/sync-manager/cli/cmd/main.go:63.48,64.33 1 0
github.com/martinshumberto/sync-manager/cli/cmd/main.go:64.33,67.5 2 0
github.com/martinshumberto/sync-manager/cli/cmd/main.go:71.4,77.43 5 0
github.com/martinshumberto/sync-manager/cli/cmd/main.go:77.43,79.24 2 0
github.com/martinshumberto/sync-manager/cli/cmd/main.go:79.24,81.6 1 0
github.com/martinshumberto/sync-manager/cli/cmd/main.go:83.5,87.7 1 0
github.com/martinshumberto/sync-manager/cli/cmd/main.go:89.4,89.18 1 0
github.com/martinshumberto/sync-manager/cli/cmd/main.go:92.2,98.55 2 0
github.com/martinshumberto/sync-manager/cli/cmd/main.go:98.55,100.4 1 0
github.com/martinshumberto/sync-manager/cli/cmd/main.go:102.2,108.55 2 0
github.com/martinshumberto/sync-manager/cli/cmd/main.go:108.55,110.4 1 0
github.com/martinshumberto/sync-manager/cli/cmd/main.go:112.2,116.37 3 0
github.com/martinshumberto/sync-manager/cli/cmd/main.go:116.37,118.3 1 0
github.com/martinshumberto/sync-manager/cli/cmd/main.go:121.2,122.37 2 0
github.com/martinshumberto/sync-manager/cli/cmd/main.go:122.37,124.3 1 0
github.com/martinshumberto/sync-manager/cli/cmd/main.go:127.2,128.35 2 0
github.com/martinshumberto/sync-manager/cli/cmd/main.go:128.35,130.3 1 0
github.com/martinshumberto/sync-manager/cli/cmd/main.go:133.2,134.41 2 0
github.com/martinshumberto/sync-manager/cli/cmd/main.go:134.41,136.3 1 0
github.com/martinshumberto/sync-manager/cli/cmd/main.go:139.2,140.37 2 0
github.com/martinshumberto/sync-manager/cli/cmd/main.go:140.37,142.3 1 0
github.com/martinshumberto/sync-manager/cli/cmd/main.go:145.2,153.42 5 0
github.com/martinshumberto/sync-manager/cli/cmd/main.go:153.42,156.3 2 0
github.com/martinshumberto/sync-manager/cli/cmd/main.go:160.64,165.64 2 0
github.com/martinshumberto/sync-manager/cli/cmd/main.go:165.64,167.3 1 0
github.com/martinshumberto/sync-manager/cli/cmd/main.go:170.2,171.16 2 0
github.com/martinshumberto/sync-manager/cli/cmd/main.go:171.16,173.3 1 0
github.com/martinshumberto/sync-manager/cli/cmd/main.go:176.2,176.22 1 0
github.com/martinshumberto/sync-manager/cli/cmd/main.go:176.22,178.17 2 0
github.com/martinshumberto/sync-manager/cli/cmd/main.go:178.17,180.4 1 0
github.com/martinshumberto/sync-manager/cli/cmd/main.go:184.2,184.24 1 0
github.com/martinshumberto/sync-manager/cli/cmd/main.go:184.24,188.27 2 0
github.com/martinshumberto/sync-manager/cli/cmd/main.go:188.27,190.18 2 0
github.com/martinshumberto/sync-manager/cli/cmd/main.go:190.18,192.5 1 0
github.com/martinshumberto/sync-manager/cli/cmd/main.go:192.10,194.5 1 0
github.com/martinshumberto/sync-manager/cli/cmd/main.go:198.3,198.66 1 0
github.com/martinshumberto/sync-manager/cli/cmd/main.go:198.66,200.4 1 0
github.com/martinshumberto/sync-manager/cli/cmd/main.go:203.2,203.29 1 0
github.com/martinshumberto/sync-manager/cli/cmd/main.go:207.25,222.2 3 0
github.com/martinshumberto/sync-manager/cli/cmd/main.go:225.24,239.2 3 0
github.com/martinshumberto/sync-manager/cli/cmd/main.go:242.24,246.2 3 0
github.com/martinshumberto/sync-manager/cli/internal/commands/config.go:12.85,25.55 2 4
github.com/martinshumberto/sync-manager/cli/internal/commands/config.go:25.55,26.21 1 1
github.com/martinshumberto/sync-manager/cli/internal/commands/config.go:26.21,29.16 2 1
github.com/martinshumberto/sync-manager/cli/internal/commands/config.go:30.29,31.54 1 1
github.com/martinshumberto/sync-manager/cli/internal/commands/config.go:32.30,33.54 1 0
github.com/martinshumberto/sync-manager/cli/internal/commands/config.go:34.33,35.57 1 0
github.com/martinshumberto/sync-manager/cli/internal/commands/config.go:36.35,37.59 1 0
github.com/martinshumberto/sync-manager/cli/internal/commands/config.go:38.31,39.55 1 0
github.com/martinshumberto/sync-manager/cli/internal/commands/config.go:40.35,41.58 1 0
github.com/martinshumberto/sync-manager/cli/internal/commands/config.go:42.31,43.62 1 0
github.com/martinshumberto/sync-manager/cli/internal/commands/config.go:44.13,45.56 1 0
github.com/martinshumberto/sync-manager/cli/internal/commands/config.go:47.5,47.15 1 1
github.com/martinshumberto/sync-manager/cli/internal/commands/config.go:51.4,52.14 2 0
github.com/martinshumberto/sync-manager/cli/internal/commands/config.go:57.2,62.55 1 4
github.com/martinshumberto/sync-manager/cli/internal/commands/config.go:62.55,67.15 3 1
github.com/martinshumberto/sync-manager/cli/internal/commands/config.go:68.28,70.18 1 1
github.com/martinshumberto/sync-manager/cli/internal/commands/config.go:71.40,72.33 1 1
github.com/martinshumberto/sync-manager/cli/internal/commands/config.go:73.13,74.101 1 0
github.com/martinshumberto/sync-manager/cli/internal/commands/config.go:76.29,77.32 1 0
github.com/martinshumberto/sync-manager/cli/internal/commands/config.go:78.29,79.32 1 0
github.com/martinshumberto/sync-manager/cli/internal/commands/config.go:80.31,81.34 1 0
github.com/martinshumberto/sync-manager/cli/internal/commands/config.go:82.33,83.35 1 0
github.com/martinshumberto/sync-manager/cli/internal/commands/config.go:84.33,85.35 1 0
github.com/martinshumberto/sync-manager/cli/internal/commands/config.go:86.32,87.35 1 0
github.com/martinshumberto/sync-manager/cli/internal/commands/config.go:88.34,89.37 1 0
github.com/martinshumberto/sync-manager/cli/internal/commands/config.go:90.32,91.35 1 0
github.com/martinshumberto/sync-manager/cli/internal/commands/config.go:92.36,93.38 1 0
github.com/martinshumberto/sync-manager/cli/internal/commands/config.go:94.36,95.38 1 0
github.com/martinshumberto/sync-manager/cli/internal/commands/config.go:96.30,97.33 1 0
github.com/martinshumberto/sync-manager/cli/internal/commands/config.go:98.34,99.36 1 0
github.com/martinshumberto/sync-manager/cli/internal/commands/config.go:100.40,101.42 1 0
github.com/martinshumberto/sync-manager/cli/internal/commands/config.go:102.34,103.36 1 0
github.com/martinshumberto/sync-manager/cli/internal/commands/config.go:104.30,107.19 2 0
github.com/martinshumberto/sync-manager/cli/internal/commands/config.go:107.19,109.6 1 0
github.com/martinshumberto/sync-manager/cli/internal/commands/config.go:110.5,110.34 1 0
github.com/martinshumberto/sync-manager/cli/internal/commands/config.go:111.12,112.60 1 0
github.com/martinshumberto/sync-manager/cli/internal/commands/config.go:116.4,116.35 1 1
github.com/martinshumberto/sync-manager/cli/internal/commands/config.go:116.35,118.5 1 0
github.com/martinshumberto/sync-manager/cli/internal/commands/config.go:120.4,121.14 2 1
github.com/martinshumberto/sync-manager/cli/internal/commands/config.go:126.2,130.55 1 4
github.com/martinshumberto/sync-manager/cli/internal/commands/config.go:130.55,135.42 4 0
github.com/martinshumberto/sync-manager/cli/internal/commands/config.go:135.42,138.5 2 0
github.com/martinshumberto/sync-manager/cli/internal/commands/config.go:141.4,148.35 6 0
github.com/martinshumberto/sync-manager/cli/internal/commands/config.go:148.35,150.5 1 0
github.com/martinshumberto/sync-manager/cli/internal/commands/config.go:152.4,153.14 2 0
github.com/martinshumberto/sync-manager/cli/internal/commands/config.go:158.2,162.36 4 4
github.com/martinshumberto/sync-manager/cli/internal/commands/config.go:166.40,174.29 6 1
github.com/martinshumberto/sync-manager/cli/internal/commands/config.go:175.12,179.34 4 0
github.com/martinshumberto/sync-manager/cli/internal/commands/config.go:179.34,181.4 1 0
github.com/martinshumberto/sync-manager/cli/internal/commands/config.go:182.3,183.53 2 0
github.com/martinshumberto/sync-manager/cli/internal/commands/config.go:184.15,189.56 5 1
github.com/martinshumberto/sync-manager/cli/internal/commands/config.go:190.13,194.42 4 0
github.com/martinshumberto/sync-manager/cli/internal/commands/config.go:194.42,196.4 1 0
github.com/martinshumberto/sync-manager/cli/internal/commands/config.go:197.15,199.64 2 0
github.com/martinshumberto/sync-manager/cli/internal/commands/config.go:202.2,204.62 3 1
github.com/martinshumberto/sync-manager/cli/internal/commands/devices.go:14.64,27.55 2 5
github.com/martinshumberto/sync-manager/cli/internal/commands/devices.go:27.55,61.4 9 1
github.com/martinshumberto/sync-manager/cli/internal/commands/devices.go:65.2,70.55 1 5
github.com/martinshumberto/sync-manager/cli/internal/commands/devices.go:70.55,74.32 2 1
github.com/martinshumberto/sync-manager/cli/internal/commands/devices.go:74.32,76.5 1 1
github.com/martinshumberto/sync-manager/cli/internal/commands/devices.go:79.4,83.42 4 0
github.com/martinshumberto/sync-manager/cli/internal/commands/devices.go:83.42,86.5 2 0
github.com/martinshumberto/sync-manager/cli/internal/commands/devices.go:88.4,101.14 5 0
github.com/martinshumberto/sync-manager/cli/internal/commands/devices.go:106.2,111.55 1 5
github.com/martinshumberto/sync-manager/cli/internal/commands/devices.go:111.55,116.21 3 1
github.com/martinshumberto/sync-manager/cli/internal/commands/devices.go:116.21,118.5 1 0
github.com/martinshumberto/sync-manager/cli/internal/commands/devices.go:121.4,131.14 3 1
github.com/martinshumberto/sync-manager/cli/internal/commands/devices.go:136.2,141.55 1 5
github.com/martinshumberto/sync-manager/cli/internal/commands/devices.go:141.55,146.22 3 1
github.com/martinshumberto/sync-manager/cli/internal/commands/devices.go:146.22,149.5 2 1
github.com/martinshumberto/sync-manager/cli/internal/commands/devices.go:149.10,152.5 2 0
github.com/martinshumberto/sync-manager/cli/internal/commands/devices.go:157.4,160.23 3 1
github.com/martinshumberto/sync-manager/cli/internal/commands/devices.go:160.23,170.33 8 1
github.com/martinshumberto/sync-manager/cli/internal/commands/devices.go:170.33,175.45 4 1
github.com/martinshumberto/sync-manager/cli/internal/commands/devices.go:175.45,177.26 2 1
github.com/martinshumberto/sync-manager/cli/internal/commands/devices.go:177.26,179.8 1 0
github.com/martinshumberto/sync-manager/cli/internal/commands/devices.go:181.7,185.9 1 1
github.com/martinshumberto/sync-manager/cli/internal/commands/devices.go:188.6,188.20 1 1
github.com/martinshumberto/sync-manager/cli/internal/commands/devices.go:190.10,190.65 1 0
github.com/martinshumberto/sync-manager/cli/internal/commands/devices.go:190.65,198.5 6 0
github.com/martinshumberto/sync-manager/cli/internal/commands/devices.go:198.10,198.65 1 0
github.com/martinshumberto/sync-manager/cli/internal/commands/devices.go:198.65,206.5 6 0
github.com/martinshumberto/sync-manager/cli/internal/commands/devices.go:206.10,208.5 1 0
github.com/martinshumberto/sync-manager/cli/internal/commands/devices.go:210.4,210.14 1 1
github.com/martinshumberto/sync-manager/cli/internal/commands/devices.go:215.2,220.37 5 5
github.com/martinshumberto/sync-manager/cli/internal/commands/folder.go:16.85,21.55 1 6
github.com/martinshumberto/sync-manager/cli/internal/commands/folder.go:21.55,26.18 3 0
github.com/martinshumberto/sync-manager/cli/internal/commands/folder.go:26.18,28.5 1 0
github.com/martinshumberto/sync-manager/cli/internal/commands/folder.go:29.4,29.21 1 0
github.com/martinshumberto/sync-manager/cli/internal/commands/folder.go:29.21,31.5 1 0
github.com/martinshumberto/sync-manager/cli/internal/commands/folder.go:34.4,35.18 2 0
github.com/martinshumberto/sync-manager/cli/internal/commands/folder.go:35.18,37.5 1 0
github.com/martinshumberto/sync-manager/cli/internal/commands/folder.go:40.4,40.43 1 0
github.com/martinshumberto/sync-manager/cli/internal/commands/folder.go:40.43,42.46 2 0
github.com/martinshumberto/sync-manager/cli/internal/commands/folder.go:42.46,44.6 1 0
github.com/martinshumberto/sync-manager/cli/internal/commands/folder.go:48.4,53.18 4 0
github.com/martinshumberto/sync-manager/cli/internal/commands/folder.go:53.18,55.5 1 0
github.com/martinshumberto/sync-manager/cli/internal/commands/folder.go:58.4,74.35 4 0
github.com/martinshumberto/sync-manager/cli/internal/commands/folder.go:74.35,76.5 1 0
github.com/martinshumberto/sync-manager/cli/internal/commands/folder.go:78.4,82.14 4 0
github.com/martinshumberto/sync-manager/cli/internal/commands/folder.go:87.2,95.55 4 6
github.com/martinshumberto/sync-manager/cli/internal/commands/folder.go:95.55,96.33 1 1
github.com/martinshumberto/sync-manager/cli/internal/commands/folder.go:96.33,99.5 2 0
github.com/martinshumberto/sync-manager/cli/internal/commands/folder.go:102.4,105.43 3 1
github.com/martinshumberto/sync-manager/cli/internal/commands/folder.go:105.43,107.24 2 2
github.com/martinshumberto/sync-manager/cli/internal/commands/folder.go:107.24,109.6 1 1
github.com/martinshumberto/sync-manager/cli/internal/commands/folder.go:110.5,111.32 2 2
github.com/martinshumberto/sync-manager/cli/internal/commands/folder.go:111.32,113.6 1 2
github.com/martinshumberto/sync-manager/cli/internal/commands/folder.go:114.5,119.7 1 2
github.com/martinshumberto/sync-manager/cli/internal/commands/folder.go:121.4,123.14 2 1
github.com/martinshumberto/sync-manager/cli/internal/commands/folder.go:128.2,132.55 1 6
github.com/martinshumberto/sync-manager/cli/internal/commands/folder.go:132.55,138.43 4 1
github.com/martinshumberto/sync-manager/cli/internal/commands/folder.go:138.43,139.30 1 1
github.com/martinshumberto/sync-manager/cli/internal/commands/folder.go:139.30,142.11 3 1
github.com/martinshumberto/sync-manager/cli/internal/commands/folder.go:146.4,146.25 1 1
github.com/martinshumberto/sync-manager/cli/internal/commands/folder.go:146.25,148.5 1 0
github.com/martinshumberto/sync-manager/cli/internal/commands/folder.go:151.4,154.35 2 1
github.com/martinshumberto/sync-manager/cli/internal/commands/folder.go:154.35,156.5 1 0
github.com/martinshumberto/sync-manager/cli/internal/commands/folder.go:158.4,159.14 2 1
github.com/martinshumberto/sync-manager/cli/internal/commands/folder.go:164.2,168.55 1 6
github.com/martinshumberto/sync-manager/cli/internal/commands/folder.go:168.55,174.35 4 1
github.com/martinshumberto/sync-manager/cli/internal/commands/folder.go:174.35,175.42 1 1
github.com/martinshumberto/sync-manager/cli/internal/commands/folder.go:175.42,179.11 4 1
github.com/martinshumberto/sync-manager/cli/internal/commands/folder.go:183.4,183.14 1 1
github.com/martinshumberto/sync-manager/cli/internal/commands/folder.go:183.14,185.5 1 0
github.com/martinshumberto/sync-manager/cli/internal/commands/folder.go:188.4,188.35 1 1
github.com/martinshumberto/sync-manager/cli/internal/commands/folder.go:188.35,190.5 1 0
github.com/martinshumberto/sync-manager/cli/internal/commands/folder.go:192.4,193.14 2 1
github.com/martinshumberto/sync-manager/cli/internal/commands/folder.go:198.2,202.55 1 6
github.com/martinshumberto/sync-manager/cli/internal/commands/folder.go:202.55,208.35 4 1
github.com/martinshumberto/sync-manager/cli/internal/commands/folder.go:208.35,209.42 1 1
github.com/martinshumberto/sync-manager/cli/internal/commands/folder.go:209.42,213.11 4 1
github.com/martinshumberto/sync-manager/cli/internal/commands/folder.go:217.4,217.14 1 1
github.com/martinshumberto/sync-manager/cli/internal/commands/folder.go:217.14,219.5 1 0
github.com/martinshumberto/sync-manager/cli/internal/commands/folder.go:222.4,222.35 1 1
github.com/martinshumberto/sync-manager/cli/internal/commands/folder.go:222.35,224.5 1 0
github.com/martinshumberto/sync-manager/cli/internal/commands/folder.go:226.4,227.14 2 1
github.com/martinshumberto/sync-manager/cli/internal/commands/folder.go:231.2,237.3 1 6
github.com/martinshumberto/sync-manager/cli/internal/commands/init.go:13.80,19.55 1 0
github.com/martinshumberto/sync-manager/cli/internal/commands/init.go:19.55,23.84 2 0
github.com/martinshumberto/sync-manager/cli/internal/commands/init.go:23.84,28.5 4 0
github.com/martinshumberto/sync-manager/cli/internal/commands/init.go:31.4,34.50 2 0
github.com/martinshumberto/sync-manager/cli/internal/commands/init.go:34.50,37.5 1 0
github.com/martinshumberto/sync-manager/cli/internal/commands/init.go:40.4,40.33 1 0
github.com/martinshumberto/sync-manager/cli/internal/commands/init.go:40.33,42.5 1 0
github.com/martinshumberto/sync-manager/cli/internal/commands/init.go:44.4,44.33 1 0
github.com/martinshumberto/sync-manager/cli/internal/commands/init.go:44.33,46.5 1 0
github.com/martinshumberto/sync-manager/cli/internal/commands/init.go:48.4,48.31 1 0
github.com/martinshumberto/sync-manager/cli/internal/commands/init.go:48.31,50.5 1 0
github.com/martinshumberto/sync-manager/cli/internal/commands/init.go:53.4,53.33 1 0
github.com/martinshumberto/sync-manager/cli/internal/commands/init.go:53.33,58.21 4 0
github.com/martinshumberto/sync-manager/cli/internal/commands/init.go:58.21,60.6 1 0
github.com/martinshumberto/sync-manager/cli/internal/commands/init.go:60.11,62.6 1 0
github.com/martinshumberto/sync-manager/cli/internal/commands/init.go:66.4,70.52 4 0
github.com/martinshumberto/sync-manager/cli/internal/commands/init.go:70.52,72.19 2 0
github.com/martinshumberto/sync-manager/cli/internal/commands/init.go:72.19,76.56 2 0
github.com/martinshumberto/sync-manager/cli/internal/commands/init.go:76.56,77.56 1 0
github.com/martinshumberto/sync-manager/cli/internal/commands/init.go:77.56,79.8 1 0
github.com/martinshumberto/sync-manager/cli/internal/commands/init.go:79.13,93.8 4 0
github.com/martinshumberto/sync-manager/cli/internal/commands/init.go:94.12,99.46 3 0
github.com/martinshumberto/sync-manager/cli/internal/commands/init.go:99.46,100.34 1 0
github.com/martinshumberto/sync-manager/cli/internal/commands/init.go:100.34,102.14 2 0
github.com/martinshumberto/sync-manager/cli/internal/commands/init.go:106.7,106.17 1 0
github.com/martinshumberto/sync-manager/cli/internal/commands/init.go:106.17,117.8 3 0
github.com/martinshumberto/sync-manager/cli/internal/commands/init.go:123.4,123.35 1 0
github.com/martinshumberto/sync-manager/cli/internal/commands/init.go:123.35,125.5 1 0
github.com/martinshumberto/sync-manager/cli/internal/commands/init.go:127.4,131.14 4 0
github.com/martinshumberto/sync-manager/cli/internal/commands/init.go:135.2,135.16 1 0
github.com/martinshumberto/sync-manager/cli/internal/commands/monitoring.go:14.68,20.55 1 0
github.com/martinshumberto/sync-manager/cli/internal/commands/monitoring.go:20.55,21.33 1 0
github.com/martinshumberto/sync-manager/cli/internal/commands/monitoring.go:21.33,24.5 2 0
github.com/martinshumberto/sync-manager/cli/internal/commands/monitoring.go:26.4,34.43 5 0
github.com/martinshumberto/sync-manager/cli/internal/commands/monitoring.go:34.43,40.24 5 0
github.com/martinshumberto/sync-manager/cli/internal/commands/monitoring.go:40.24,44.6 3 0
github.com/martinshumberto/sync-manager/cli/internal/commands/monitoring.go:46.5,52.7 1 0
github.com/martinshumberto/sync-manager/cli/internal/commands/monitoring.go:55.4,65.14 9 0
github.com/martinshumberto/sync-manager/cli/internal/commands/monitoring.go:70.2,74.55 1 0
github.com/martinshumberto/sync-manager/cli/internal/commands/monitoring.go:74.55,84.14 4 0
github.com/martinshumberto/sync-manager/cli/internal/commands/monitoring.go:84.14,86.5 1 0
github.com/martinshumberto/sync-manager/cli/internal/commands/monitoring.go:86.10,88.5 1 0
github.com/martinshumberto/sync-manager/cli/internal/commands/monitoring.go:91.4,103.30 3 0
github.com/martinshumberto/sync-manager/cli/internal/commands/monitoring.go:103.30,105.5 1 0
github.com/martinshumberto/sync-manager/cli/internal/commands/monitoring.go:108.4,108.48 1 0
github.com/martinshumberto/sync-manager/cli/internal/commands/monitoring.go:108.48,110.5 1 0
github.com/martinshumberto/sync-manager/cli/internal/commands/monitoring.go:113.4,113.14 1 0
github.com/martinshumberto/sync-manager/cli/internal/commands/monitoring.go:113.14,125.5 7 0
github.com/martinshumberto/sync-manager/cli/internal/commands/monitoring.go:127.4,127.14 1 0
github.com/martinshumberto/sync-manager/cli/internal/commands/monitoring.go:132.2,140.55 3 0
github.com/martinshumberto/sync-manager/cli/internal/commands/monitoring.go:140.55,167.4 13 0
github.com/martinshumberto/sync-manager/cli/internal/commands/monitoring.go:171.2,175.55 1 0
github.com/martinshumberto/sync-manager/cli/internal/commands/monitoring.go:175.55,181.42 4 0
github.com/martinshumberto/sync-manager/cli/internal/commands/monitoring.go:181.42,184.5 2 0
github.com/martinshumberto/sync-manager/cli/internal/commands/monitoring.go:186.4,199.14 5 0
github.com/martinshumberto/sync-manager/cli/internal/commands/monitoring.go:203.2,203.68 1 0
github.com/martinshumberto/sync-manager/cli/internal/commands/sync.go:12.62,18.55 1 5
github.com/martinshumberto/sync-manager/cli/internal/commands/sync.go:18.55,19.33 1 1
github.com/martinshumberto/sync-manager/cli/internal/commands/sync.go:19.33,22.5 2 0
github.com/martinshumberto/sync-manager/cli/internal/commands/sync.go:24.4,32.43 2 1
github.com/martinshumberto/sync-manager/cli/internal/commands/sync.go:32.43,33.24 1 1
github.com/martinshumberto/sync-manager/cli/internal/commands/sync.go:33.24,35.14 2 0
github.com/martinshumberto/sync-manager/cli/internal/commands/sync.go:38.5,40.39 2 1
github.com/martinshumberto/sync-manager/cli/internal/commands/sync.go:43.4,44.14 2 1
github.com/martinshumberto/sync-manager/cli/internal/commands/sync.go:49.2,54.55 1 5
github.com/martinshumberto/sync-manager/cli/internal/commands/sync.go:54.55,59.35 3 1
github.com/martinshumberto/sync-manager/cli/internal/commands/sync.go:59.35,60.46 1 1
github.com/martinshumberto/sync-manager/cli/internal/commands/sync.go:60.46,62.11 2 1
github.com/martinshumberto/sync-manager/cli/internal/commands/sync.go:66.4,66.27 1 1
github.com/martinshumberto/sync-manager/cli/internal/commands/sync.go:66.27,68.5 1 0
github.com/martinshumberto/sync-manager/cli/internal/commands/sync.go:70.4,70.29 1 1
github.com/martinshumberto/sync-manager/cli/internal/commands/sync.go:70.29,72.5 1 0
github.com/martinshumberto/sync-manager/cli/internal/commands/sync.go:74.4,85.14 4 1
github.com/martinshumberto/sync-manager/cli/internal/commands/sync.go:90.2,94.55 1 5
github.com/martinshumberto/sync-manager/cli/internal/commands/sync.go:94.55,98.4 3 1
github.com/martinshumberto/sync-manager/cli/internal/commands/sync.go:102.2,106.55 1 5
github.com/martinshumberto/sync-manager/cli/internal/commands/sync.go:106.55,109.4 2 1
github.com/martinshumberto/sync-manager/cli/internal/commands/sync.go:112.2,112.70 1 5
github.com/martinshumberto/sync-manager/cli/internal/commands/wizard.go:14.82,20.55 1 0
github.com/martinshumberto/sync-manager/cli/internal/commands/wizard.go:20.55,46.27 17 0
github.com/martinshumberto/sync-manager/cli/internal/commands/wizard.go:46.27,48.5 1 0
github.com/martinshumberto/sync-manager/cli/internal/commands/wizard.go:51.4,51.25 1 0
github.com/martinshumberto/sync-manager/cli/internal/commands/wizard.go:52.13,59.23 6 0
github.com/martinshumberto/sync-manager/cli/internal/commands/wizard.go:59.23,61.6 1 0
github.com/martinshumberto/sync-manager/cli/internal/commands/wizard.go:62.5,67.21 5 0
github.com/martinshumberto/sync-manager/cli/internal/commands/wizard.go:67.21,69.6 1 0
github.com/martinshumberto/sync-manager/cli/internal/commands/wizard.go:70.5,75.21 5 0
github.com/martinshumberto/sync-manager/cli/internal/commands/wizard.go:75.21,77.6 1 0
github.com/martinshumberto/sync-manager/cli/internal/commands/wizard.go:78.5,83.24 5 0
github.com/martinshumberto/sync-manager/cli/internal/commands/wizard.go:83.24,85.6 1 0
github.com/martinshumberto/sync-manager/cli/internal/commands/wizard.go:86.5,91.24 5 0
github.com/martinshumberto/sync-manager/cli/internal/commands/wizard.go:91.24,93.6 1 0
github.com/martinshumberto/sync-manager/cli/internal/commands/wizard.go:94.5,101.51 6 0
github.com/martinshumberto/sync-manager/cli/internal/commands/wizard.go:102.13,109.21 6 0
github.com/martinshumberto/sync-manager/cli/internal/commands/wizard.go:109.21,111.6 1 0
github.com/martinshumberto/sync-manager/cli/internal/commands/wizard.go:112.5,117.21 5 0
github.com/martinshumberto/sync-manager/cli/internal/commands/wizard.go:117.21,119.6 1 0
github.com/martinshumberto/sync-manager/cli/internal/commands/wizard.go:121.5,125.55 4 0
github.com/martinshumberto/sync-manager/cli/internal/commands/wizard.go:125.55,145.6 16 0
github.com/martinshumberto/sync-manager/cli/internal/commands/wizard.go:147.5,147.48 1 0
github.com/martinshumberto/sync-manager/cli/internal/commands/wizard.go:148.13,167.49 15 0
github.com/martinshumberto/sync-manager/cli/internal/commands/wizard.go:168.13,175.19 5 0
github.com/martinshumberto/sync-manager/cli/internal/commands/wizard.go:175.19,177.6 1 0
github.com/martinshumberto/sync-manager/cli/internal/commands/wizard.go:179.5,182.22 4 0
github.com/martinshumberto/sync-manager/cli/internal/commands/wizard.go:182.22,184.6 1 0
github.com/martinshumberto/sync-manager/cli/internal/commands/wizard.go:185.5,188.55 2 0
github.com/martinshumberto/sync-manager/cli/internal/commands/wizard.go:188.55,189.55 1 0
github.com/martinshumberto/sync-manager/cli/internal/commands/wizard.go:189.55,191.7 1 0
github.com/martinshumberto/sync-manager/cli/internal/commands/wizard.go:191.12,193.7 1 0
github.com/martinshumberto/sync-manager/cli/internal/commands/wizard.go:196.5,196.59 1 0
github.com/martinshumberto/sync-manager/cli/internal/commands/wizard.go:197.12,199.34 2 0
github.com/martinshumberto/sync-manager/cli/internal/commands/wizard.go:203.4,211.25 6 0
github.com/martinshumberto/sync-manager/cli/internal/commands/wizard.go:211.25,213.5 1 0
github.com/martinshumberto/sync-manager/cli/internal/commands/wizard.go:213.10,216.21 3 0
github.com/martinshumberto/sync-manager/cli/internal/commands/wizard.go:216.21,218.6 1 0
github.com/martinshumberto/sync-manager/cli/internal/commands/wizard.go:219.5,219.61 1 0
github.com/martinshumberto/sync-manager/cli/internal/commands/wizard.go:223.4,227.28 4 0
github.com/martinshumberto/sync-manager/cli/internal/commands/wizard.go:227.28,229.5 1 0
github.com/martinshumberto/sync-manager/cli/internal/commands/wizard.go:229.10,232.24 3 0
github.com/martinshumberto/sync-manager/cli/internal/commands/wizard.go:232.24,234.6 1 0
github.com/martinshumberto/sync-manager/cli/internal/commands/wizard.go:235.5,235.37 1 0
github.com/martinshumberto/sync-manager/cli/internal/commands/wizard.go:239.4,243.26 4 0
github.com/martinshumberto/sync-manager/cli/internal/commands/wizard.go:243.26,245.5 1 0
github.com/martinshumberto/sync-manager/cli/internal/commands/wizard.go:245.10,249.5 3 0
github.com/martinshumberto/sync-manager/cli/internal/commands/wizard.go:252.4,256.23 4 0
github.com/martinshumberto/sync-manager/cli/internal/commands/wizard.go:256.23,261.25 4 0
github.com/martinshumberto/sync-manager/cli/internal/commands/wizard.go:261.25,264.14 3 0
github.com/martinshumberto/sync-manager/cli/internal/commands/wizard.go:268.5,268.52 1 0
github.com/martinshumberto/sync-manager/cli/internal/commands/wizard.go:268.52,270.20 2 0
github.com/martinshumberto/sync-manager/cli/internal/commands/wizard.go:270.20,271.28 1 0
github.com/martinshumberto/sync-manager/cli/internal/commands/wizard.go:271.28,273.8 1 0
github.com/martinshumberto/sync-manager/cli/internal/commands/wizard.go:273.13,275.8 1 0
github.com/martinshumberto/sync-manager/cli/internal/commands/wizard.go:280.5,281.27 2 0
github.com/martinshumberto/sync-manager/cli/internal/commands/wizard.go:281.27,286.52 4 0
github.com/martinshumberto/sync-manager/cli/internal/commands/wizard.go:286.52,287.59 1 0
github.com/martinshumberto/sync-manager/cli/internal/commands/wizard.go:287.59,289.16 2 0
github.com/martinshumberto/sync-manager/cli/internal/commands/wizard.go:291.7,291.50 1 0
github.com/martinshumberto/sync-manager/cli/internal/commands/wizard.go:292.12,294.15 2 0
github.com/martinshumberto/sync-manager/cli/internal/commands/wizard.go:299.5,304.33 5 0
github.com/martinshumberto/sync-manager/cli/internal/commands/wizard.go:304.33,305.69 1 0
github.com/martinshumberto/sync-manager/cli/internal/commands/wizard.go:305.69,306.24 1 0
github.com/martinshumberto/sync-manager/cli/internal/commands/wizard.go:306.24,308.8 1 0
github.com/martinshumberto/sync-manager/cli/internal/commands/wizard.go:313.5,332.54 8 0
github.com/martinshumberto/sync-manager/cli/internal/commands/wizard.go:336.4,336.35 1 0
github.com/martinshumberto/sync-manager/cli/internal/commands/wizard.go:336.35,338.5 1 0
github.com/martinshumberto/sync-manager/cli/internal/commands/wizard.go:340.4,346.14 6 0
github.com/martinshumberto/sync-manager/cli/internal/commands/wizard.go:350.2,350.18 1 0
